This is pdfTeX, Version 3.141592653-2.6-1.40.24 (TeX Live 2022/Debian) (preloaded format=pdflatex 2025.4.25)  8 MAY 2025 15:18
entering extended mode
 restricted \write18 enabled.
 %&-line parsing enabled.
**document.tex
(./document.tex
LaTeX2e <2022-11-01> patch level 1
L3 programming layer <2023-01-16>
(/usr/share/texlive/texmf-dist/tex/latex/base/article.cls
Document Class: article 2022/07/02 v1.4n Standard LaTeX document class
(/usr/share/texlive/texmf-dist/tex/latex/base/size12.clo
File: size12.clo 2022/07/02 v1.4n Standard LaTeX file (size option)
)
\c@part=\count185
\c@section=\count186
\c@subsection=\count187
\c@subsubsection=\count188
\c@paragraph=\count189
\c@subparagraph=\count190
\c@figure=\count191
\c@table=\count192
\abovecaptionskip=\skip48
\belowcaptionskip=\skip49
\bibindent=\dimen140
)
(/usr/share/texlive/texmf-dist/tex/latex/graphics/graphicx.sty
Package: graphicx 2021/09/16 v1.2d Enhanced LaTeX Graphics (DPC,SPQR)

(/usr/share/texlive/texmf-dist/tex/latex/graphics/keyval.sty
Package: keyval 2022/05/29 v1.15 key=value parser (DPC)
\KV@toks@=\toks16
)
(/usr/share/texlive/texmf-dist/tex/latex/graphics/graphics.sty
Package: graphics 2022/03/10 v1.4e Standard LaTeX Graphics (DPC,SPQR)

(/usr/share/texlive/texmf-dist/tex/latex/graphics/trig.sty
Package: trig 2021/08/11 v1.11 sin cos tan (DPC)
)
(/usr/share/texlive/texmf-dist/tex/latex/graphics-cfg/graphics.cfg
File: graphics.cfg 2016/06/04 v1.11 sample graphics configuration
)
Package graphics Info: Driver file: pdftex.def on input line 107.

(/usr/share/texlive/texmf-dist/tex/latex/graphics-def/pdftex.def
File: pdftex.def 2022/09/22 v1.2b Graphics/color driver for pdftex
))
\Gin@req@height=\dimen141
\Gin@req@width=\dimen142
)
(/usr/share/texlive/texmf-dist/tex/latex/l3backend/l3backend-pdftex.def
File: l3backend-pdftex.def 2023-01-16 L3 backend support: PDF output (pdfTeX)
\l__color_backend_stack_int=\count193
\l__pdf_internal_box=\box51
)
(./document.aux)
\openout1 = `document.aux'.

LaTeX Font Info:    Checking defaults for OML/cmm/m/it on input line 9.
LaTeX Font Info:    ... okay on input line 9.
LaTeX Font Info:    Checking defaults for OMS/cmsy/m/n on input line 9.
LaTeX Font Info:    ... okay on input line 9.
LaTeX Font Info:    Checking defaults for OT1/cmr/m/n on input line 9.
LaTeX Font Info:    ... okay on input line 9.
LaTeX Font Info:    Checking defaults for T1/cmr/m/n on input line 9.
LaTeX Font Info:    ... okay on input line 9.
LaTeX Font Info:    Checking defaults for TS1/cmr/m/n on input line 9.
LaTeX Font Info:    ... okay on input line 9.
LaTeX Font Info:    Checking defaults for OMX/cmex/m/n on input line 9.
LaTeX Font Info:    ... okay on input line 9.
LaTeX Font Info:    Checking defaults for U/cmr/m/n on input line 9.
LaTeX Font Info:    ... okay on input line 9.

(/usr/share/texlive/texmf-dist/tex/context/base/mkii/supp-pdf.mkii
[Loading MPS to PDF converter (version 2006.09.02).]
\scratchcounter=\count194
\scratchdimen=\dimen143
\scratchbox=\box52
\nofMPsegments=\count195
\nofMParguments=\count196
\everyMPshowfont=\toks17
\MPscratchCnt=\count197
\MPscratchDim=\dimen144
\MPnumerator=\count198
\makeMPintoPDFobject=\count199
\everyMPtoPDFconversion=\toks18
) (/usr/share/texlive/texmf-dist/tex/latex/epstopdf-pkg/epstopdf-base.sty
Package: epstopdf-base 2020-01-24 v2.11 Base part for package epstopdf
Package epstopdf-base Info: Redefining graphics rule for `.eps' on input line 4
85.

(/usr/share/texlive/texmf-dist/tex/latex/latexconfig/epstopdf-sys.cfg
File: epstopdf-sys.cfg 2010/07/13 v1.3 Configuration of (r)epstopdf for TeX Liv
e
))
LaTeX Font Info:    External font `cmex10' loaded for size
(Font)              <14.4> on input line 11.
LaTeX Font Info:    External font `cmex10' loaded for size
(Font)              <7> on input line 11.

Underfull \hbox (badness 10000) in paragraph at lines 15--16

 []


Underfull \hbox (badness 10000) in paragraph at lines 17--18

 []


Underfull \hbox (badness 10000) in paragraph at lines 24--25

 []


Underfull \hbox (badness 10000) in paragraph at lines 26--27

 []

[1

{/var/lib/texmf/fonts/map/pdftex/updmap/pdftex.map}]
<Images/gitinit.png, id=9, 557.08125pt x 258.9675pt>
File: Images/gitinit.png Graphic file (type png)
<use Images/gitinit.png>
Package pdftex.def Info: Images/gitinit.png  used on input line 31.
(pdftex.def)             Requested size: 389.95422pt x 181.27599pt.
<Images/dotgit.png, id=10, 378.66469pt x 313.17pt>
File: Images/dotgit.png Graphic file (type png)
<use Images/dotgit.png>
Package pdftex.def Info: Images/dotgit.png  used on input line 34.
(pdftex.def)             Requested size: 265.06346pt x 219.21748pt.


LaTeX Warning: `!h' float specifier changed to `!ht'.


Underfull \hbox (badness 10000) in paragraph at lines 39--40

 []


Underfull \hbox (badness 10000) in paragraph at lines 46--47

 []


Underfull \hbox (badness 10000) in paragraph at lines 51--52

 []

[2]
Underfull \hbox (badness 10000) in paragraph at lines 53--55

 []

[3 <./Images/gitinit.png (PNG copy)> <./Images/dotgit.png (PNG copy)>]
<Images/gitlog1.png, id=17, 509.65407pt x 370.38374pt>
File: Images/gitlog1.png Graphic file (type png)
<use Images/gitlog1.png>
Package pdftex.def Info: Images/gitlog1.png  used on input line 58.
(pdftex.def)             Requested size: 305.7948pt x 222.23195pt.
<Images/gitlog2.png, id=18, 510.40688pt x 182.93344pt>
File: Images/gitlog2.png Graphic file (type png)
<use Images/gitlog2.png>
Package pdftex.def Info: Images/gitlog2.png  used on input line 61.
(pdftex.def)             Requested size: 306.24648pt x 109.7609pt.

Underfull \hbox (badness 10000) in paragraph at lines 65--66

 []

<Images/gitstatus.png, id=19, 313.17pt x 106.89937pt>
File: Images/gitstatus.png Graphic file (type png)
<use Images/gitstatus.png>
Package pdftex.def Info: Images/gitstatus.png  used on input line 69.
(pdftex.def)             Requested size: 219.21748pt x 74.82903pt.

LaTeX Warning: `!h' float specifier changed to `!ht'.

[4 <./Images/gitlog1.png (PNG copy)> <./Images/gitlog2.png (PNG copy)>]
[5 <./Images/gitstatus.png (PNG copy)>] (./document.aux) ) 
Here is how much of TeX's memory you used:
 1347 strings out of 476091
 22548 string characters out of 5794081
 1856330 words of memory out of 5000000
 21768 multiletter control sequences out of 15000+600000
 515017 words of font info for 41 fonts, out of 8000000 for 9000
 1141 hyphenation exceptions out of 8191
 57i,8n,62p,459b,234s stack positions out of 10000i,1000n,20000p,200000b,200000s
</usr/share/texlive/t
exmf-dist/fonts/type1/public/amsfonts/cm/cmbx12.pfb></usr/share/texlive/texmf-d
ist/fonts/type1/public/amsfonts/cm/cmr12.pfb></usr/share/texlive/texmf-dist/fon
ts/type1/public/amsfonts/cm/cmr17.pfb>
Output written on document.pdf (5 pages, 290134 bytes).
PDF statistics:
 40 PDF objects out of 1000 (max. 8388607)
 21 compressed objects within 1 object stream
 0 named destinations out of 1000 (max. 500000)
 26 words of extra memory for PDF output out of 10000 (max. 10000000)

